INFO 2025-05-21 15:46:52,482 django - [REGISTER] Tentative de création de {'username': 'Developer', 'password': '123456', 'role': 'developer', 'email': 'test@gmail.com'}
ERROR 2025-05-21 15:46:52,526 django - [REGISTER ERROR] Erreur : {'username': [ErrorDetail(string='A user with that username already exists.', code='unique')]}
Traceback (most recent call last):
  File "C:\Users\admin\Desktop\Scrum\core\utils\logging.py", line 11, in handle_create_view
    response = super(view_instance.__class__, view_instance).create(request, *args, **kwargs)
  File "C:\Users\admin\Desktop\Scrum\env\Lib\site-packages\rest_framework\mixins.py", line 18, in create
    serializer.is_valid(raise_exception=True)
    ~~~~~~~~~~~~~~~~~~~^^^^^^^^^^^^^^^^^^^^^^
  File "C:\Users\admin\Desktop\Scrum\env\Lib\site-packages\rest_framework\serializers.py", line 233, in is_valid
    raise ValidationError(self.errors)
rest_framework.exceptions.ValidationError: {'username': [ErrorDetail(string='A user with that username already exists.', code='unique')]}
DEBUG 2025-05-21 15:46:52,557 urllib3.connectionpool - Starting new HTTPS connection (1): o4509360921903104.ingest.de.sentry.io:443
ERROR 2025-05-21 15:46:52,558 django.request - Internal Server Error: /api/users/register
DEBUG 2025-05-21 15:46:53,116 urllib3.connectionpool - https://o4509360921903104.ingest.de.sentry.io:443 "POST /api/4509360927080528/envelope/ HTTP/1.1" 200 0
INFO 2025-05-21 15:48:23,010 django - [REGISTER] Tentative de création de {'username': 'test', 'password': '123456', 'role': 'developer', 'email': 'test@gmail.com'}
INFO 2025-05-21 15:48:23,418 django - [REGISTER] Création de {'username': 'test', 'password': '123456', 'role': 'developer', 'email': 'test@gmail.com'} réussie
INFO 2025-05-22 14:18:39,754 django.utils.autoreload - Watching for file changes with StatReloader
WARNING 2025-05-22 14:22:05,747 django.request - Unauthorized: /api/users/login/
DEBUG 2025-05-22 14:22:51,491 urllib3.connectionpool - Starting new HTTPS connection (1): o4509360921903104.ingest.de.sentry.io:443
DEBUG 2025-05-22 14:22:52,324 urllib3.connectionpool - https://o4509360921903104.ingest.de.sentry.io:443 "POST /api/4509360927080528/envelope/ HTTP/1.1" 200 0
DEBUG 2025-05-22 14:30:51,620 urllib3.connectionpool - https://o4509360921903104.ingest.de.sentry.io:443 "POST /api/4509360927080528/envelope/ HTTP/1.1" 200 0
INFO 2025-05-22 14:34:22,119 django.utils.autoreload - C:\Users\admin\Desktop\Scrum\apps\projects\models.py changed, reloading.
INFO 2025-05-22 14:34:22,905 django.utils.autoreload - Watching for file changes with StatReloader
INFO 2025-05-22 14:34:24,301 django.utils.autoreload - C:\Users\admin\Desktop\Scrum\apps\projects\models.py changed, reloading.
INFO 2025-05-22 14:34:24,853 django.utils.autoreload - Watching for file changes with StatReloader
WARNING 2025-05-22 14:35:36,027 django.request - Unauthorized: /api/projects/
DEBUG 2025-05-22 14:36:36,030 urllib3.connectionpool - Starting new HTTPS connection (1): o4509360921903104.ingest.de.sentry.io:443
DEBUG 2025-05-22 14:36:36,865 urllib3.connectionpool - https://o4509360921903104.ingest.de.sentry.io:443 "POST /api/4509360927080528/envelope/ HTTP/1.1" 200 0
ERROR 2025-05-22 14:37:51,597 django.request - Internal Server Error: /api/projects/
Traceback (most recent call last):
  File "C:\Users\admin\Desktop\Scrum\env\Lib\site-packages\rest_framework\views.py", line 512, in dispatch
    response = handler(request, *args, **kwargs)
  File "C:\Users\admin\Desktop\Scrum\env\Lib\site-packages\rest_framework\mixins.py", line 18, in create
    serializer.is_valid(raise_exception=True)
    ~~~~~~~~~~~~~~~~~~~^^^^^^^^^^^^^^^^^^^^^^
  File "C:\Users\admin\Desktop\Scrum\env\Lib\site-packages\rest_framework\serializers.py", line 225, in is_valid
    self._validated_data = self.run_validation(self.initial_data)
                           ~~~~~~~~~~~~~~~~~~~^^^^^^^^^^^^^^^^^^^
  File "C:\Users\admin\Desktop\Scrum\env\Lib\site-packages\rest_framework\serializers.py", line 444, in run_validation
    value = self.to_internal_value(data)
  File "C:\Users\admin\Desktop\Scrum\env\Lib\site-packages\rest_framework\serializers.py", line 497, in to_internal_value
    for field in fields:
                 ^^^^^^
  File "C:\Users\admin\Desktop\Scrum\env\Lib\site-packages\rest_framework\serializers.py", line 380, in _writable_fields
    for field in self.fields.values():
                 ^^^^^^^^^^^
  File "C:\Users\admin\Desktop\Scrum\env\Lib\site-packages\django\utils\functional.py", line 47, in __get__
    res = instance.__dict__[self.name] = self.func(instance)
                                         ~~~~~~~~~^^^^^^^^^^
  File "C:\Users\admin\Desktop\Scrum\env\Lib\site-packages\rest_framework\serializers.py", line 374, in fields
    for key, value in self.get_fields().items():
                      ~~~~~~~~~~~~~~~^^
  File "C:\Users\admin\Desktop\Scrum\env\Lib\site-packages\rest_framework\serializers.py", line 1105, in get_fields
    field_class, field_kwargs = self.build_field(
                                ~~~~~~~~~~~~~~~~^
        source, info, model, depth
        ^^^^^^^^^^^^^^^^^^^^^^^^^^
    )
    ^
  File "C:\Users\admin\Desktop\Scrum\env\Lib\site-packages\rest_framework\serializers.py", line 1251, in build_field
    return self.build_unknown_field(field_name, model_class)
           ~~~~~~~~~~~~~~~~~~~~~~~~^^^^^^^^^^^^^^^^^^^^^^^^^
  File "C:\Users\admin\Desktop\Scrum\env\Lib\site-packages\rest_framework\serializers.py", line 1369, in build_unknown_field
    raise ImproperlyConfigured(
    ...<2 lines>...
    )
django.core.exceptions.ImproperlyConfigured: Field name `dated` is not valid for model `Project` in `apps.projects.serializers.ProjectSerializer`.

During handling of the above exception, another exception occurred:

Traceback (most recent call last):
  File "C:\Users\admin\Desktop\Scrum\env\Lib\site-packages\django\core\handlers\exception.py", line 55, in inner
    response = get_response(request)
  File "C:\Users\admin\Desktop\Scrum\env\Lib\site-packages\django\core\handlers\base.py", line 197, in _get_response
    response = wrapped_callback(request, *callback_args, **callback_kwargs)
  File "C:\Users\admin\Desktop\Scrum\env\Lib\site-packages\sentry_sdk\integrations\django\views.py", line 94, in sentry_wrapped_callback
    return callback(request, *args, **kwargs)
  File "C:\Users\admin\Desktop\Scrum\env\Lib\site-packages\django\views\decorators\csrf.py", line 65, in _view_wrapper
    return view_func(request, *args, **kwargs)
  File "C:\Users\admin\Desktop\Scrum\env\Lib\site-packages\rest_framework\viewsets.py", line 125, in view
    return self.dispatch(request, *args, **kwargs)
           ~~~~~~~~~~~~~^^^^^^^^^^^^^^^^^^^^^^^^^^
  File "C:\Users\admin\Desktop\Scrum\env\Lib\site-packages\rest_framework\views.py", line 515, in dispatch
    response = self.handle_exception(exc)
  File "C:\Users\admin\Desktop\Scrum\env\Lib\site-packages\rest_framework\views.py", line 472, in handle_exception
    response = exception_handler(exc, context)
  File "C:\Users\admin\Desktop\Scrum\core\middleware\exceptions\exceptions.py", line 7, in custom_exception_handler
    if response is None and response.status_code != 500:
                            ^^^^^^^^^^^^^^^^^^^^
AttributeError: 'NoneType' object has no attribute 'status_code'
DEBUG 2025-05-22 14:37:51,736 urllib3.connectionpool - https://o4509360921903104.ingest.de.sentry.io:443 "POST /api/4509360927080528/envelope/ HTTP/1.1" 200 0
DEBUG 2025-05-22 14:38:36,286 urllib3.connectionpool - https://o4509360921903104.ingest.de.sentry.io:443 "POST /api/4509360927080528/envelope/ HTTP/1.1" 200 0
INFO 2025-05-22 14:39:59,854 django.utils.autoreload - C:\Users\admin\Desktop\Scrum\apps\projects\serializers.py changed, reloading.
INFO 2025-05-22 14:40:00,640 django.utils.autoreload - Watching for file changes with StatReloader
INFO 2025-05-22 14:40:04,095 django.utils.autoreload - C:\Users\admin\Desktop\Scrum\apps\projects\serializers.py changed, reloading.
INFO 2025-05-22 14:40:04,779 django.utils.autoreload - Watching for file changes with StatReloader
DEBUG 2025-05-22 14:40:04,888 urllib3.connectionpool - Starting new HTTPS connection (1): o4509360921903104.ingest.de.sentry.io:443
DEBUG 2025-05-22 14:40:05,665 urllib3.connectionpool - https://o4509360921903104.ingest.de.sentry.io:443 "POST /api/4509360927080528/envelope/ HTTP/1.1" 200 0
INFO 2025-05-22 14:40:20,590 django.utils.autoreload - C:\Users\admin\Desktop\Scrum\apps\projects\serializers.py changed, reloading.
INFO 2025-05-22 14:40:21,317 django.utils.autoreload - Watching for file changes with StatReloader
DEBUG 2025-05-22 14:40:21,420 urllib3.connectionpool - Starting new HTTPS connection (1): o4509360921903104.ingest.de.sentry.io:443
DEBUG 2025-05-22 14:40:22,396 urllib3.connectionpool - https://o4509360921903104.ingest.de.sentry.io:443 "POST /api/4509360927080528/envelope/ HTTP/1.1" 200 0
INFO 2025-05-22 14:40:23,692 django.utils.autoreload - C:\Users\admin\Desktop\Scrum\apps\projects\serializers.py changed, reloading.
INFO 2025-05-22 14:40:24,330 django.utils.autoreload - Watching for file changes with StatReloader
INFO 2025-05-22 14:40:38,127 django.utils.autoreload - C:\Users\admin\Desktop\Scrum\apps\projects\serializers.py changed, reloading.
INFO 2025-05-22 14:40:38,954 django.utils.autoreload - Watching for file changes with StatReloader
INFO 2025-05-22 14:40:56,898 django.utils.autoreload - C:\Users\admin\Desktop\Scrum\apps\projects\serializers.py changed, reloading.
INFO 2025-05-22 14:40:57,506 django.utils.autoreload - Watching for file changes with StatReloader
INFO 2025-05-22 14:41:03,014 django.utils.autoreload - C:\Users\admin\Desktop\Scrum\apps\projects\serializers.py changed, reloading.
INFO 2025-05-22 14:41:03,745 django.utils.autoreload - Watching for file changes with StatReloader
DEBUG 2025-05-22 14:41:03,875 urllib3.connectionpool - Starting new HTTPS connection (1): o4509360921903104.ingest.de.sentry.io:443
DEBUG 2025-05-22 14:41:04,470 urllib3.connectionpool - https://o4509360921903104.ingest.de.sentry.io:443 "POST /api/4509360927080528/envelope/ HTTP/1.1" 200 0
INFO 2025-05-22 14:41:06,154 django.utils.autoreload - C:\Users\admin\Desktop\Scrum\apps\projects\serializers.py changed, reloading.
INFO 2025-05-22 14:41:06,739 django.utils.autoreload - Watching for file changes with StatReloader
DEBUG 2025-05-22 14:41:06,876 urllib3.connectionpool - Starting new HTTPS connection (1): o4509360921903104.ingest.de.sentry.io:443
DEBUG 2025-05-22 14:41:07,562 urllib3.connectionpool - https://o4509360921903104.ingest.de.sentry.io:443 "POST /api/4509360927080528/envelope/ HTTP/1.1" 200 0
INFO 2025-05-22 14:41:09,135 django.utils.autoreload - C:\Users\admin\Desktop\Scrum\apps\projects\serializers.py changed, reloading.
INFO 2025-05-22 14:41:09,762 django.utils.autoreload - Watching for file changes with StatReloader
INFO 2025-05-22 14:41:11,124 django.utils.autoreload - C:\Users\admin\Desktop\Scrum\apps\projects\serializers.py changed, reloading.
INFO 2025-05-22 14:41:11,696 django.utils.autoreload - Watching for file changes with StatReloader
WARNING 2025-05-22 14:41:14,609 django.request - Bad Request: /api/projects/
DEBUG 2025-05-22 14:42:14,613 urllib3.connectionpool - Starting new HTTPS connection (1): o4509360921903104.ingest.de.sentry.io:443
DEBUG 2025-05-22 14:42:15,479 urllib3.connectionpool - https://o4509360921903104.ingest.de.sentry.io:443 "POST /api/4509360927080528/envelope/ HTTP/1.1" 200 0
WARNING 2025-05-22 14:43:41,418 django.request - Unauthorized: /api/projects/
WARNING 2025-05-22 14:44:06,356 django.request - Bad Request: /api/projects/
DEBUG 2025-05-22 14:44:14,967 urllib3.connectionpool - https://o4509360921903104.ingest.de.sentry.io:443 "POST /api/4509360927080528/envelope/ HTTP/1.1" 200 0
WARNING 2025-05-22 14:49:02,036 django.request - Forbidden: /api/projects/
DEBUG 2025-05-22 14:49:14,809 urllib3.connectionpool - https://o4509360921903104.ingest.de.sentry.io:443 "POST /api/4509360927080528/envelope/ HTTP/1.1" 200 0
WARNING 2025-05-22 14:49:28,445 django.request - Bad Request: /api/projects/
DEBUG 2025-05-22 14:50:14,854 urllib3.connectionpool - https://o4509360921903104.ingest.de.sentry.io:443 "POST /api/4509360927080528/envelope/ HTTP/1.1" 200 0
WARNING 2025-05-22 14:50:17,247 django.request - Forbidden: /api/projects/
DEBUG 2025-05-22 14:51:14,779 urllib3.connectionpool - https://o4509360921903104.ingest.de.sentry.io:443 "POST /api/4509360927080528/envelope/ HTTP/1.1" 200 0
DEBUG 2025-05-22 14:52:14,741 urllib3.connectionpool - https://o4509360921903104.ingest.de.sentry.io:443 "POST /api/4509360927080528/envelope/ HTTP/1.1" 200 0
WARNING 2025-05-22 14:52:19,756 django.request - Unauthorized: /api/projects/
DEBUG 2025-05-22 14:53:14,761 urllib3.connectionpool - https://o4509360921903104.ingest.de.sentry.io:443 "POST /api/4509360927080528/envelope/ HTTP/1.1" 200 0
WARNING 2025-05-22 14:58:56,171 django.request - Unauthorized: /api/sprints/
WARNING 2025-05-22 14:59:06,878 django.request - Unauthorized: /api/sprints/
DEBUG 2025-05-22 14:59:14,733 urllib3.connectionpool - https://o4509360921903104.ingest.de.sentry.io:443 "POST /api/4509360927080528/envelope/ HTTP/1.1" 200 0
WARNING 2025-05-22 15:00:16,592 django.request - Bad Request: /api/sprints/
DEBUG 2025-05-22 15:01:14,804 urllib3.connectionpool - https://o4509360921903104.ingest.de.sentry.io:443 "POST /api/4509360927080528/envelope/ HTTP/1.1" 200 0
INFO 2025-05-22 15:04:08,246 django.utils.autoreload - C:\Users\admin\Desktop\Scrum\apps\sprints\urls.py changed, reloading.
INFO 2025-05-22 15:04:09,053 django.utils.autoreload - Watching for file changes with StatReloader
DEBUG 2025-05-22 15:04:09,187 urllib3.connectionpool - Starting new HTTPS connection (1): o4509360921903104.ingest.de.sentry.io:443
DEBUG 2025-05-22 15:04:10,443 urllib3.connectionpool - https://o4509360921903104.ingest.de.sentry.io:443 "POST /api/4509360927080528/envelope/ HTTP/1.1" 200 0
INFO 2025-05-22 15:04:12,541 django.utils.autoreload - C:\Users\admin\Desktop\Scrum\apps\sprints\urls.py changed, reloading.
INFO 2025-05-22 15:04:13,087 django.utils.autoreload - Watching for file changes with StatReloader
DEBUG 2025-05-22 15:04:13,194 urllib3.connectionpool - Starting new HTTPS connection (1): o4509360921903104.ingest.de.sentry.io:443
DEBUG 2025-05-22 15:04:13,858 urllib3.connectionpool - https://o4509360921903104.ingest.de.sentry.io:443 "POST /api/4509360927080528/envelope/ HTTP/1.1" 200 0
INFO 2025-05-22 15:04:14,427 django.utils.autoreload - C:\Users\admin\Desktop\Scrum\apps\sprints\urls.py changed, reloading.
INFO 2025-05-22 15:04:14,942 django.utils.autoreload - Watching for file changes with StatReloader
DEBUG 2025-05-22 15:04:15,060 urllib3.connectionpool - Starting new HTTPS connection (1): o4509360921903104.ingest.de.sentry.io:443
DEBUG 2025-05-22 15:04:15,672 urllib3.connectionpool - https://o4509360921903104.ingest.de.sentry.io:443 "POST /api/4509360927080528/envelope/ HTTP/1.1" 200 0
INFO 2025-05-22 15:04:17,315 django.utils.autoreload - C:\Users\admin\Desktop\Scrum\apps\sprints\urls.py changed, reloading.
INFO 2025-05-22 15:04:17,837 django.utils.autoreload - Watching for file changes with StatReloader
DEBUG 2025-05-22 15:04:17,935 urllib3.connectionpool - Starting new HTTPS connection (1): o4509360921903104.ingest.de.sentry.io:443
DEBUG 2025-05-22 15:04:18,544 urllib3.connectionpool - https://o4509360921903104.ingest.de.sentry.io:443 "POST /api/4509360927080528/envelope/ HTTP/1.1" 200 0
INFO 2025-05-22 15:04:20,195 django.utils.autoreload - C:\Users\admin\Desktop\Scrum\apps\sprints\urls.py changed, reloading.
INFO 2025-05-22 15:04:20,782 django.utils.autoreload - Watching for file changes with StatReloader
DEBUG 2025-05-22 15:04:20,919 urllib3.connectionpool - Starting new HTTPS connection (1): o4509360921903104.ingest.de.sentry.io:443
DEBUG 2025-05-22 15:04:21,560 urllib3.connectionpool - https://o4509360921903104.ingest.de.sentry.io:443 "POST /api/4509360927080528/envelope/ HTTP/1.1" 200 0
INFO 2025-05-22 15:04:22,187 django.utils.autoreload - C:\Users\admin\Desktop\Scrum\apps\sprints\urls.py changed, reloading.
INFO 2025-05-22 15:04:22,710 django.utils.autoreload - Watching for file changes with StatReloader
DEBUG 2025-05-22 15:04:22,816 urllib3.connectionpool - Starting new HTTPS connection (1): o4509360921903104.ingest.de.sentry.io:443
DEBUG 2025-05-22 15:04:23,462 urllib3.connectionpool - https://o4509360921903104.ingest.de.sentry.io:443 "POST /api/4509360927080528/envelope/ HTTP/1.1" 200 0
INFO 2025-05-22 15:04:26,087 django.utils.autoreload - C:\Users\admin\Desktop\Scrum\apps\sprints\urls.py changed, reloading.
INFO 2025-05-22 15:04:26,664 django.utils.autoreload - Watching for file changes with StatReloader
INFO 2025-05-22 15:04:28,004 django.utils.autoreload - C:\Users\admin\Desktop\Scrum\apps\sprints\urls.py changed, reloading.
INFO 2025-05-22 15:04:28,513 django.utils.autoreload - Watching for file changes with StatReloader
WARNING 2025-05-22 15:04:53,970 django.request - Unauthorized: /api/sprints/
DEBUG 2025-05-22 15:05:53,975 urllib3.connectionpool - Starting new HTTPS connection (1): o4509360921903104.ingest.de.sentry.io:443
DEBUG 2025-05-22 15:05:54,939 urllib3.connectionpool - https://o4509360921903104.ingest.de.sentry.io:443 "POST /api/4509360927080528/envelope/ HTTP/1.1" 200 0
WARNING 2025-05-22 15:06:12,511 django.request - Forbidden: /api/sprints/
DEBUG 2025-05-22 15:06:54,135 urllib3.connectionpool - https://o4509360921903104.ingest.de.sentry.io:443 "POST /api/4509360927080528/envelope/ HTTP/1.1" 200 0
WARNING 2025-05-22 15:09:50,780 django.request - Not Found: /api//api/backlogs/
DEBUG 2025-05-22 15:09:54,097 urllib3.connectionpool - https://o4509360921903104.ingest.de.sentry.io:443 "POST /api/4509360927080528/envelope/ HTTP/1.1" 200 0
WARNING 2025-05-22 15:09:57,891 django.request - Unauthorized: /api/backlogs/
WARNING 2025-05-22 15:10:23,407 django.request - Unauthorized: /api/backlogs/
DEBUG 2025-05-22 15:10:54,084 urllib3.connectionpool - https://o4509360921903104.ingest.de.sentry.io:443 "POST /api/4509360927080528/envelope/ HTTP/1.1" 200 0
DEBUG 2025-05-22 15:11:54,101 urllib3.connectionpool - https://o4509360921903104.ingest.de.sentry.io:443 "POST /api/4509360927080528/envelope/ HTTP/1.1" 200 0
WARNING 2025-05-22 15:24:12,311 django.request - Unauthorized: /api/projects/
DEBUG 2025-05-22 15:24:53,983 urllib3.connectionpool - Resetting dropped connection: o4509360921903104.ingest.de.sentry.io
DEBUG 2025-05-22 15:24:54,667 urllib3.connectionpool - https://o4509360921903104.ingest.de.sentry.io:443 "POST /api/4509360927080528/envelope/ HTTP/1.1" 200 0
DEBUG 2025-05-22 15:26:54,098 urllib3.connectionpool - https://o4509360921903104.ingest.de.sentry.io:443 "POST /api/4509360927080528/envelope/ HTTP/1.1" 200 0
DEBUG 2025-05-22 15:27:54,115 urllib3.connectionpool - https://o4509360921903104.ingest.de.sentry.io:443 "POST /api/4509360927080528/envelope/ HTTP/1.1" 200 0
DEBUG 2025-05-22 15:28:54,089 urllib3.connectionpool - https://o4509360921903104.ingest.de.sentry.io:443 "POST /api/4509360927080528/envelope/ HTTP/1.1" 200 0
DEBUG 2025-05-22 15:29:54,113 urllib3.connectionpool - https://o4509360921903104.ingest.de.sentry.io:443 "POST /api/4509360927080528/envelope/ HTTP/1.1" 200 0
INFO 2025-05-22 15:30:48,100 django.utils.autoreload - C:\Users\admin\Desktop\Scrum\config\settings\base.py changed, reloading.
INFO 2025-05-22 15:30:48,890 django.utils.autoreload - Watching for file changes with StatReloader
DEBUG 2025-05-22 15:31:51,912 urllib3.connectionpool - Starting new HTTPS connection (1): o4509360921903104.ingest.de.sentry.io:443
DEBUG 2025-05-22 15:31:53,515 urllib3.connectionpool - https://o4509360921903104.ingest.de.sentry.io:443 "POST /api/4509360927080528/envelope/ HTTP/1.1" 200 0
WARNING 2025-05-22 15:32:23,957 django.request - Unauthorized: /api/projects/
WARNING 2025-05-22 15:32:39,393 django.request - Unauthorized: /api/projects/
DEBUG 2025-05-22 15:32:52,036 urllib3.connectionpool - https://o4509360921903104.ingest.de.sentry.io:443 "POST /api/4509360927080528/envelope/ HTTP/1.1" 200 0
DEBUG 2025-05-22 15:33:52,045 urllib3.connectionpool - https://o4509360921903104.ingest.de.sentry.io:443 "POST /api/4509360927080528/envelope/ HTTP/1.1" 200 0
DEBUG 2025-05-22 15:34:52,025 urllib3.connectionpool - https://o4509360921903104.ingest.de.sentry.io:443 "POST /api/4509360927080528/envelope/ HTTP/1.1" 200 0
INFO 2025-05-22 15:36:28,916 django.utils.autoreload - C:\Users\admin\Desktop\Scrum\apps\projects\views.py changed, reloading.
INFO 2025-05-22 15:36:29,618 django.utils.autoreload - Watching for file changes with StatReloader
INFO 2025-05-22 15:36:31,017 django.utils.autoreload - C:\Users\admin\Desktop\Scrum\apps\projects\views.py changed, reloading.
INFO 2025-05-22 15:36:31,653 django.utils.autoreload - Watching for file changes with StatReloader
DEBUG 2025-05-22 15:36:31,764 urllib3.connectionpool - Starting new HTTPS connection (1): o4509360921903104.ingest.de.sentry.io:443
DEBUG 2025-05-22 15:36:32,401 urllib3.connectionpool - https://o4509360921903104.ingest.de.sentry.io:443 "POST /api/4509360927080528/envelope/ HTTP/1.1" 200 0
INFO 2025-05-22 15:36:34,024 django.utils.autoreload - C:\Users\admin\Desktop\Scrum\apps\projects\views.py changed, reloading.
INFO 2025-05-22 15:36:34,552 django.utils.autoreload - Watching for file changes with StatReloader
DEBUG 2025-05-22 15:36:34,653 urllib3.connectionpool - Starting new HTTPS connection (1): o4509360921903104.ingest.de.sentry.io:443
DEBUG 2025-05-22 15:36:35,304 urllib3.connectionpool - https://o4509360921903104.ingest.de.sentry.io:443 "POST /api/4509360927080528/envelope/ HTTP/1.1" 200 0
INFO 2025-05-22 15:36:36,906 django.utils.autoreload - C:\Users\admin\Desktop\Scrum\apps\projects\views.py changed, reloading.
INFO 2025-05-22 15:36:37,567 django.utils.autoreload - Watching for file changes with StatReloader
INFO 2025-05-22 15:36:46,244 django.utils.autoreload - C:\Users\admin\Desktop\Scrum\apps\projects\views.py changed, reloading.
INFO 2025-05-22 15:36:46,985 django.utils.autoreload - Watching for file changes with StatReloader
INFO 2025-05-22 15:36:49,390 django.utils.autoreload - C:\Users\admin\Desktop\Scrum\apps\projects\views.py changed, reloading.
INFO 2025-05-22 15:36:50,037 django.utils.autoreload - Watching for file changes with StatReloader
DEBUG 2025-05-22 15:36:50,152 urllib3.connectionpool - Starting new HTTPS connection (1): o4509360921903104.ingest.de.sentry.io:443
DEBUG 2025-05-22 15:36:50,745 urllib3.connectionpool - https://o4509360921903104.ingest.de.sentry.io:443 "POST /api/4509360927080528/envelope/ HTTP/1.1" 200 0
INFO 2025-05-22 15:36:54,507 django.utils.autoreload - C:\Users\admin\Desktop\Scrum\apps\projects\views.py changed, reloading.
INFO 2025-05-22 15:36:55,234 django.utils.autoreload - Watching for file changes with StatReloader
INFO 2025-05-22 15:37:30,812 django.utils.autoreload - C:\Users\admin\Desktop\Scrum\apps\projects\views.py changed, reloading.
INFO 2025-05-22 15:37:31,644 django.utils.autoreload - Watching for file changes with StatReloader
DEBUG 2025-05-22 15:37:31,749 urllib3.connectionpool - Starting new HTTPS connection (1): o4509360921903104.ingest.de.sentry.io:443
DEBUG 2025-05-22 15:37:32,489 urllib3.connectionpool - https://o4509360921903104.ingest.de.sentry.io:443 "POST /api/4509360927080528/envelope/ HTTP/1.1" 200 0
INFO 2025-05-22 15:37:54,609 django.utils.autoreload - C:\Users\admin\Desktop\Scrum\apps\projects\views.py changed, reloading.
INFO 2025-05-22 15:37:55,374 django.utils.autoreload - Watching for file changes with StatReloader
DEBUG 2025-05-22 15:37:55,491 urllib3.connectionpool - Starting new HTTPS connection (1): o4509360921903104.ingest.de.sentry.io:443
DEBUG 2025-05-22 15:37:56,079 urllib3.connectionpool - https://o4509360921903104.ingest.de.sentry.io:443 "POST /api/4509360927080528/envelope/ HTTP/1.1" 200 0
INFO 2025-05-22 15:37:56,745 django.utils.autoreload - C:\Users\admin\Desktop\Scrum\apps\projects\views.py changed, reloading.
INFO 2025-05-22 15:37:57,355 django.utils.autoreload - Watching for file changes with StatReloader
DEBUG 2025-05-22 15:37:57,465 urllib3.connectionpool - Starting new HTTPS connection (1): o4509360921903104.ingest.de.sentry.io:443
DEBUG 2025-05-22 15:37:58,092 urllib3.connectionpool - https://o4509360921903104.ingest.de.sentry.io:443 "POST /api/4509360927080528/envelope/ HTTP/1.1" 200 0
INFO 2025-05-22 15:37:58,694 django.utils.autoreload - C:\Users\admin\Desktop\Scrum\apps\projects\views.py changed, reloading.
INFO 2025-05-22 15:37:59,297 django.utils.autoreload - Watching for file changes with StatReloader
INFO 2025-05-22 15:38:01,677 django.utils.autoreload - C:\Users\admin\Desktop\Scrum\apps\projects\views.py changed, reloading.
INFO 2025-05-22 15:38:02,279 django.utils.autoreload - Watching for file changes with StatReloader
WARNING 2025-05-22 15:38:03,478 django.request - Unauthorized: /api/projects/
DEBUG 2025-05-22 15:39:03,482 urllib3.connectionpool - Starting new HTTPS connection (1): o4509360921903104.ingest.de.sentry.io:443
DEBUG 2025-05-22 15:39:04,036 urllib3.connectionpool - https://o4509360921903104.ingest.de.sentry.io:443 "POST /api/4509360927080528/envelope/ HTTP/1.1" 200 0
INFO 2025-05-22 15:43:05,347 django.utils.autoreload - C:\Users\admin\Desktop\Scrum\apps\projects\filters.py changed, reloading.
INFO 2025-05-22 15:43:06,108 django.utils.autoreload - Watching for file changes with StatReloader
INFO 2025-05-22 15:43:08,513 django.utils.autoreload - C:\Users\admin\Desktop\Scrum\apps\projects\filters.py changed, reloading.
INFO 2025-05-22 15:43:09,059 django.utils.autoreload - Watching for file changes with StatReloader
DEBUG 2025-05-22 15:43:09,160 urllib3.connectionpool - Starting new HTTPS connection (1): o4509360921903104.ingest.de.sentry.io:443
DEBUG 2025-05-22 15:43:09,795 urllib3.connectionpool - https://o4509360921903104.ingest.de.sentry.io:443 "POST /api/4509360927080528/envelope/ HTTP/1.1" 200 0
INFO 2025-05-22 15:43:13,457 django.utils.autoreload - C:\Users\admin\Desktop\Scrum\apps\projects\filters.py changed, reloading.
INFO 2025-05-22 15:43:14,007 django.utils.autoreload - Watching for file changes with StatReloader
DEBUG 2025-05-22 15:43:14,098 urllib3.connectionpool - Starting new HTTPS connection (1): o4509360921903104.ingest.de.sentry.io:443
DEBUG 2025-05-22 15:43:14,744 urllib3.connectionpool - https://o4509360921903104.ingest.de.sentry.io:443 "POST /api/4509360927080528/envelope/ HTTP/1.1" 200 0
INFO 2025-05-22 15:43:16,260 django.utils.autoreload - C:\Users\admin\Desktop\Scrum\apps\projects\filters.py changed, reloading.
INFO 2025-05-22 15:43:16,785 django.utils.autoreload - Watching for file changes with StatReloader
INFO 2025-05-22 15:43:20,234 django.utils.autoreload - C:\Users\admin\Desktop\Scrum\apps\projects\filters.py changed, reloading.
INFO 2025-05-22 15:43:20,826 django.utils.autoreload - Watching for file changes with StatReloader
DEBUG 2025-05-22 15:43:20,952 urllib3.connectionpool - Starting new HTTPS connection (1): o4509360921903104.ingest.de.sentry.io:443
DEBUG 2025-05-22 15:43:21,503 urllib3.connectionpool - https://o4509360921903104.ingest.de.sentry.io:443 "POST /api/4509360927080528/envelope/ HTTP/1.1" 200 0
INFO 2025-05-22 15:49:00,058 django.utils.autoreload - Watching for file changes with StatReloader
WARNING 2025-05-22 15:49:03,179 django.request - Unauthorized: /api/projects/
DEBUG 2025-05-22 15:50:03,185 urllib3.connectionpool - Starting new HTTPS connection (1): o4509360921903104.ingest.de.sentry.io:443
DEBUG 2025-05-22 15:50:03,949 urllib3.connectionpool - https://o4509360921903104.ingest.de.sentry.io:443 "POST /api/4509360927080528/envelope/ HTTP/1.1" 200 0
DEBUG 2025-05-22 15:52:03,312 urllib3.connectionpool - https://o4509360921903104.ingest.de.sentry.io:443 "POST /api/4509360927080528/envelope/ HTTP/1.1" 200 0
INFO 2025-05-22 15:53:15,282 django.utils.autoreload - C:\Users\admin\Desktop\Scrum\apps\projects\filters.py changed, reloading.
INFO 2025-05-22 15:53:16,084 django.utils.autoreload - Watching for file changes with StatReloader
INFO 2025-05-22 15:53:38,217 django.utils.autoreload - C:\Users\admin\Desktop\Scrum\apps\projects\serializers.py changed, reloading.
INFO 2025-05-22 15:53:39,025 django.utils.autoreload - Watching for file changes with StatReloader
INFO 2025-05-22 15:53:43,588 django.utils.autoreload - C:\Users\admin\Desktop\Scrum\apps\projects\serializers.py changed, reloading.
INFO 2025-05-22 15:53:44,203 django.utils.autoreload - Watching for file changes with StatReloader
INFO 2025-05-22 16:03:34,395 django.utils.autoreload - C:\Users\admin\Desktop\Scrum\apps\projects\serializers.py changed, reloading.
INFO 2025-05-22 16:03:35,129 django.utils.autoreload - Watching for file changes with StatReloader
INFO 2025-05-23 09:27:47,265 django - [REGISTER] Tentative de création de {'username': 'testuser', 'email': 'lrv4s@example.com', 'password': 'testpassword', 'confirm_password': 'testpassword'}
INFO 2025-05-23 09:27:47,692 django - [REGISTER] Création de {'username': 'testuser', 'email': 'lrv4s@example.com', 'password': 'testpassword', 'confirm_password': 'testpassword'} réussie
INFO 2025-05-23 09:27:50,156 django - [REGISTER] Tentative de création de <QueryDict: {'username': ['testuser'], 'email': ['lrv4s@example.com'], 'password': ['testpassword']}>
INFO 2025-05-23 09:27:50,569 django - [REGISTER] Création de <QueryDict: {'username': ['testuser'], 'email': ['lrv4s@example.com'], 'password': ['testpassword']}> réussie
WARNING 2025-05-23 09:27:51,368 django.request - Forbidden: /api/users/7/
INFO 2025-05-23 09:33:24,612 django - [REGISTER] Tentative de création de {'username': 'testuser', 'email': 'lrv4s@example.com', 'password': 'testpassword', 'confirm_password': 'testpassword'}
INFO 2025-05-23 09:33:25,026 django - [REGISTER] Création de {'username': 'testuser', 'email': 'lrv4s@example.com', 'password': 'testpassword', 'confirm_password': 'testpassword'} réussie
INFO 2025-05-23 09:33:27,401 django - [REGISTER] Tentative de création de <QueryDict: {'username': ['testuser'], 'email': ['lrv4s@example.com'], 'password': ['testpassword']}>
INFO 2025-05-23 09:33:27,788 django - [REGISTER] Création de <QueryDict: {'username': ['testuser'], 'email': ['lrv4s@example.com'], 'password': ['testpassword']}> réussie
WARNING 2025-05-23 09:33:28,587 django.request - Forbidden: /api/users/7/
INFO 2025-05-23 09:34:45,248 django - [REGISTER] Tentative de création de {'username': 'testuser', 'email': 'lrv4s@example.com', 'password': 'testpassword', 'confirm_password': 'testpassword'}
INFO 2025-05-23 09:34:45,698 django - [REGISTER] Création de {'username': 'testuser', 'email': 'lrv4s@example.com', 'password': 'testpassword', 'confirm_password': 'testpassword'} réussie
INFO 2025-05-23 09:34:48,036 django - [REGISTER] Tentative de création de <QueryDict: {'username': ['testuser'], 'email': ['lrv4s@example.com'], 'password': ['testpassword']}>
INFO 2025-05-23 09:34:48,421 django - [REGISTER] Création de <QueryDict: {'username': ['testuser'], 'email': ['lrv4s@example.com'], 'password': ['testpassword']}> réussie
WARNING 2025-05-23 09:34:49,196 django.request - Forbidden: /api/users/7/
INFO 2025-05-23 09:35:31,225 django - [REGISTER] Tentative de création de {'username': 'testuser', 'email': 'lrv4s@example.com', 'password': 'testpassword', 'confirm_password': 'testpassword'}
INFO 2025-05-23 09:35:31,638 django - [REGISTER] Création de {'username': 'testuser', 'email': 'lrv4s@example.com', 'password': 'testpassword', 'confirm_password': 'testpassword'} réussie
INFO 2025-05-23 09:35:34,009 django - [REGISTER] Tentative de création de <QueryDict: {'username': ['testuser'], 'email': ['lrv4s@example.com'], 'password': ['testpassword']}>
INFO 2025-05-23 09:35:34,390 django - [REGISTER] Création de <QueryDict: {'username': ['testuser'], 'email': ['lrv4s@example.com'], 'password': ['testpassword']}> réussie
WARNING 2025-05-23 09:35:35,163 django.request - Forbidden: /api/users/7/
INFO 2025-05-23 09:49:12,563 django - [REGISTER] Tentative de création de {'username': 'testuser', 'email': 'lrv4s@example.com', 'password': 'testpassword', 'confirm_password': 'testpassword'}
INFO 2025-05-23 09:49:12,974 django - [REGISTER] Création de {'username': 'testuser', 'email': 'lrv4s@example.com', 'password': 'testpassword', 'confirm_password': 'testpassword'} réussie
INFO 2025-05-23 09:49:15,343 django - [REGISTER] Tentative de création de <QueryDict: {'username': ['testuser'], 'email': ['lrv4s@example.com'], 'password': ['testpassword']}>
INFO 2025-05-23 09:49:15,726 django - [REGISTER] Création de <QueryDict: {'username': ['testuser'], 'email': ['lrv4s@example.com'], 'password': ['testpassword']}> réussie
WARNING 2025-05-23 09:49:16,488 django.request - Forbidden: /api/users/7/
DEBUG 2025-05-23 12:07:28,598 urllib3.connectionpool - Starting new HTTPS connection (1): o4509360921903104.ingest.de.sentry.io:443
DEBUG 2025-05-23 12:07:30,440 urllib3.connectionpool - https://o4509360921903104.ingest.de.sentry.io:443 "POST /api/4509360927080528/envelope/ HTTP/1.1" 200 0
DEBUG 2025-05-23 12:08:01,027 urllib3.connectionpool - Starting new HTTPS connection (1): o4509360921903104.ingest.de.sentry.io:443
DEBUG 2025-05-23 12:08:01,421 urllib3.connectionpool - https://o4509360921903104.ingest.de.sentry.io:443 "POST /api/4509360927080528/envelope/ HTTP/1.1" 200 0
DEBUG 2025-05-23 12:10:41,931 urllib3.connectionpool - Starting new HTTPS connection (1): o4509360921903104.ingest.de.sentry.io:443
DEBUG 2025-05-23 12:10:42,408 urllib3.connectionpool - https://o4509360921903104.ingest.de.sentry.io:443 "POST /api/4509360927080528/envelope/ HTTP/1.1" 200 0
DEBUG 2025-05-23 12:15:56,908 urllib3.connectionpool - Starting new HTTPS connection (1): o4509360921903104.ingest.de.sentry.io:443
DEBUG 2025-05-23 12:15:58,052 urllib3.connectionpool - https://o4509360921903104.ingest.de.sentry.io:443 "POST /api/4509360927080528/envelope/ HTTP/1.1" 200 0
DEBUG 2025-05-23 12:20:08,515 urllib3.connectionpool - Starting new HTTPS connection (1): o4509360921903104.ingest.de.sentry.io:443
DEBUG 2025-05-23 12:20:08,922 urllib3.connectionpool - https://o4509360921903104.ingest.de.sentry.io:443 "POST /api/4509360927080528/envelope/ HTTP/1.1" 200 0
INFO 2025-05-23 12:25:02,482 django.utils.autoreload - Watching for file changes with StatReloader
WARNING 2025-05-23 12:25:21,517 django.request - Not Found: /
WARNING 2025-05-23 12:25:21,670 django.request - Not Found: /favicon.ico
INFO 2025-05-23 12:37:04,018 django.utils.autoreload - Watching for file changes with StatReloader
INFO 2025-05-23 12:42:23,010 django.utils.autoreload - Watching for file changes with StatReloader
WARNING 2025-05-23 12:42:39,922 django.request - Not Found: /
WARNING 2025-05-23 12:42:40,193 django.request - Not Found: /favicon.ico
WARNING 2025-05-23 12:43:29,437 django.request - Unauthorized: /api/users/
WARNING 2025-05-23 12:43:38,670 django.request - Not Found: /api/login/
WARNING 2025-05-23 12:44:03,517 django.request - Method Not Allowed: /api/users/login/
WARNING 2025-05-23 12:46:28,049 django.request - Not Found: /
INFO 2025-05-23 14:16:10,253 django.utils.autoreload - Watching for file changes with StatReloader
DEBUG 2025-05-23 14:16:13,190 urllib3.connectionpool - Starting new HTTPS connection (1): o4509360921903104.ingest.de.sentry.io:443
DEBUG 2025-05-23 14:16:14,281 urllib3.connectionpool - https://o4509360921903104.ingest.de.sentry.io:443 "POST /api/4509360927080528/envelope/ HTTP/1.1" 200 0
INFO 2025-05-23 14:19:31,481 django.utils.autoreload - Watching for file changes with StatReloader
DEBUG 2025-05-23 14:19:34,365 urllib3.connectionpool - Starting new HTTPS connection (1): o4509360921903104.ingest.de.sentry.io:443
DEBUG 2025-05-23 14:19:35,030 urllib3.connectionpool - https://o4509360921903104.ingest.de.sentry.io:443 "POST /api/4509360927080528/envelope/ HTTP/1.1" 200 0
INFO 2025-05-23 14:21:09,994 django.utils.autoreload - Watching for file changes with StatReloader
DEBUG 2025-05-23 14:21:12,850 urllib3.connectionpool - Starting new HTTPS connection (1): o4509360921903104.ingest.de.sentry.io:443
DEBUG 2025-05-23 14:21:13,518 urllib3.connectionpool - https://o4509360921903104.ingest.de.sentry.io:443 "POST /api/4509360927080528/envelope/ HTTP/1.1" 200 0
INFO 2025-05-23 14:23:13,194 django.utils.autoreload - Watching for file changes with StatReloader
WARNING 2025-05-23 14:23:52,343 django.request - Not Found: /
WARNING 2025-05-23 14:23:52,611 django.request - Not Found: /favicon.ico
WARNING 2025-05-23 14:24:20,529 django.request - Not Found: /api/login
WARNING 2025-05-23 14:24:41,174 django.request - Method Not Allowed: /api/users/login/
DEBUG 2025-05-23 14:24:52,348 urllib3.connectionpool - Starting new HTTPS connection (1): o4509360921903104.ingest.de.sentry.io:443
DEBUG 2025-05-23 14:24:53,235 urllib3.connectionpool - https://o4509360921903104.ingest.de.sentry.io:443 "POST /api/4509360927080528/envelope/ HTTP/1.1" 200 0
INFO 2025-05-23 14:35:27,997 django.utils.autoreload - C:\Users\admin\Desktop\Scrum\apps\users\views.py changed, reloading.
INFO 2025-05-23 14:35:28,666 django.utils.autoreload - Watching for file changes with StatReloader
INFO 2025-05-23 14:35:31,080 django.utils.autoreload - C:\Users\admin\Desktop\Scrum\apps\users\views.py changed, reloading.
INFO 2025-05-23 14:35:31,678 django.utils.autoreload - Watching for file changes with StatReloader
DEBUG 2025-05-23 14:35:31,734 urllib3.connectionpool - Starting new HTTPS connection (1): o4509360921903104.ingest.de.sentry.io:443
DEBUG 2025-05-23 14:35:32,370 urllib3.connectionpool - https://o4509360921903104.ingest.de.sentry.io:443 "POST /api/4509360927080528/envelope/ HTTP/1.1" 200 0
INFO 2025-05-23 14:35:36,004 django.utils.autoreload - C:\Users\admin\Desktop\Scrum\apps\users\views.py changed, reloading.
INFO 2025-05-23 14:35:36,487 django.utils.autoreload - Watching for file changes with StatReloader
